{"/home/mare/Desktop/techs/projects/js-mastery/Build and Deploy a Full Stack Social Media App | React JS, Appwrite, Tailwind CSS, React Query/snapgramremote/src/constants/bottombarLinks.ts": {"path":"/home/mare/Desktop/techs/projects/js-mastery/Build and Deploy a Full Stack Social Media App | React JS, Appwrite, Tailwind CSS, React Query/snapgramremote/src/constants/bottombarLinks.ts","statementMap":{"0":{"start":{"line":1,"column":13},"end":{"line":22,"column":4}}},"fnMap":{},"branchMap":{},"s":{"0":0},"f":{},"b":{}}
,"/home/mare/Desktop/techs/projects/js-mastery/Build and Deploy a Full Stack Social Media App | React JS, Appwrite, Tailwind CSS, React Query/snapgramremote/src/constants/index.ts": {"path":"/home/mare/Desktop/techs/projects/js-mastery/Build and Deploy a Full Stack Social Media App | React JS, Appwrite, Tailwind CSS, React Query/snapgramremote/src/constants/index.ts","statementMap":{"0":{"start":{"line":2,"column":0},"end":{"line":2,"column":33}},"1":{"start":{"line":3,"column":0},"end":{"line":3,"column":31}},"2":{"start":{"line":4,"column":0},"end":{"line":4,"column":32}}},"fnMap":{},"branchMap":{},"s":{"0":0,"1":0,"2":0},"f":{},"b":{}}
,"/home/mare/Desktop/techs/projects/js-mastery/Build and Deploy a Full Stack Social Media App | React JS, Appwrite, Tailwind CSS, React Query/snapgramremote/src/constants/sidebarLinks.ts": {"path":"/home/mare/Desktop/techs/projects/js-mastery/Build and Deploy a Full Stack Social Media App | React JS, Appwrite, Tailwind CSS, React Query/snapgramremote/src/constants/sidebarLinks.ts","statementMap":{"0":{"start":{"line":1,"column":13},"end":{"line":27,"column":4}}},"fnMap":{},"branchMap":{},"s":{"0":0},"f":{},"b":{}}
,"/home/mare/Desktop/techs/projects/js-mastery/Build and Deploy a Full Stack Social Media App | React JS, Appwrite, Tailwind CSS, React Query/snapgramremote/src/constants/userConstants.ts": {"path":"/home/mare/Desktop/techs/projects/js-mastery/Build and Deploy a Full Stack Social Media App | React JS, Appwrite, Tailwind CSS, React Query/snapgramremote/src/constants/userConstants.ts","statementMap":{"0":{"start":{"line":1,"column":13},"end":{"line":9,"column":4}}},"fnMap":{},"branchMap":{},"s":{"0":0},"f":{},"b":{}}
,"/home/mare/Desktop/techs/projects/js-mastery/Build and Deploy a Full Stack Social Media App | React JS, Appwrite, Tailwind CSS, React Query/snapgramremote/src/lib/utils.ts": {"path":"/home/mare/Desktop/techs/projects/js-mastery/Build and Deploy a Full Stack Social Media App | React JS, Appwrite, Tailwind CSS, React Query/snapgramremote/src/lib/utils.ts","statementMap":{"0":{"start":{"line":7,"column":0},"end":{"line":7,"column":16}},"1":{"start":{"line":13,"column":0},"end":{"line":13,"column":16}},"2":{"start":{"line":1,"column":0},"end":{"line":1,"column":45}},"3":{"start":{"line":2,"column":0},"end":{"line":2,"column":41}},"4":{"start":{"line":3,"column":0},"end":{"line":3,"column":57}},"5":{"start":{"line":4,"column":0},"end":{"line":4,"column":39}},"6":{"start":{"line":5,"column":0},"end":{"line":5,"column":48}},"7":{"start":{"line":8,"column":2},"end":{"line":8,"column":31}},"8":{"start":{"line":11,"column":32},"end":{"line":11,"column":73}},"9":{"start":{"line":11,"column":48},"end":{"line":11,"column":73}},"10":{"start":{"line":11,"column":13},"end":{"line":11,"column":32}},"11":{"start":{"line":14,"column":15},"end":{"line":14,"column":35}},"12":{"start":{"line":15,"column":2},"end":{"line":15,"column":70}},"13":{"start":{"line":19,"column":37},"end":{"line":44,"column":1}},"14":{"start":{"line":20,"column":23},"end":{"line":20,"column":71}},"15":{"start":{"line":21,"column":21},"end":{"line":21,"column":50}},"16":{"start":{"line":22,"column":20},"end":{"line":22,"column":30}},"17":{"start":{"line":24,"column":23},"end":{"line":24,"column":53}},"18":{"start":{"line":25,"column":32},"end":{"line":25,"column":43}},"19":{"start":{"line":26,"column":32},"end":{"line":26,"column":50}},"20":{"start":{"line":27,"column":30},"end":{"line":27,"column":48}},"21":{"start":{"line":28,"column":29},"end":{"line":28,"column":45}},"22":{"start":{"line":30,"column":2},"end":{"line":43,"column":3}},"23":{"start":{"line":32,"column":6},"end":{"line":32,"column":41}},"24":{"start":{"line":34,"column":6},"end":{"line":34,"column":49}},"25":{"start":{"line":36,"column":6},"end":{"line":36,"column":50}},"26":{"start":{"line":38,"column":6},"end":{"line":38,"column":52}},"27":{"start":{"line":40,"column":6},"end":{"line":40,"column":56}},"28":{"start":{"line":42,"column":6},"end":{"line":42,"column":24}},"29":{"start":{"line":19,"column":13},"end":{"line":19,"column":37}},"30":{"start":{"line":46,"column":28},"end":{"line":48,"column":1}},"31":{"start":{"line":47,"column":2},"end":{"line":47,"column":35}},"32":{"start":{"line":46,"column":13},"end":{"line":46,"column":28}},"33":{"start":{"line":50,"column":29},"end":{"line":60,"column":2}},"34":{"start":{"line":50,"column":62},"end":{"line":60,"column":2}},"35":{"start":{"line":51,"column":2},"end":{"line":58,"column":3}},"36":{"start":{"line":52,"column":20},"end":{"line":52,"column":61}},"37":{"start":{"line":53,"column":4},"end":{"line":55,"column":5}},"38":{"start":{"line":54,"column":6},"end":{"line":54,"column":17}},"39":{"start":{"line":57,"column":4},"end":{"line":57,"column":51}},"40":{"start":{"line":59,"column":2},"end":{"line":59,"column":15}},"41":{"start":{"line":50,"column":13},"end":{"line":50,"column":29}}},"fnMap":{"0":{"name":"cn","decl":{"start":{"line":7,"column":16},"end":{"line":7,"column":18}},"loc":{"start":{"line":7,"column":42},"end":{"line":9,"column":1}}},"1":{"name":"(anonymous_8)","decl":{"start":{"line":11,"column":32},"end":{"line":11,"column":33}},"loc":{"start":{"line":11,"column":48},"end":{"line":11,"column":73}}},"2":{"name":"formatDateString","decl":{"start":{"line":13,"column":16},"end":{"line":13,"column":32}},"loc":{"start":{"line":13,"column":51},"end":{"line":16,"column":1}}},"3":{"name":"(anonymous_10)","decl":{"start":{"line":19,"column":37},"end":{"line":19,"column":38}},"loc":{"start":{"line":19,"column":73},"end":{"line":44,"column":1}}},"4":{"name":"(anonymous_11)","decl":{"start":{"line":46,"column":28},"end":{"line":46,"column":29}},"loc":{"start":{"line":46,"column":67},"end":{"line":48,"column":1}}},"5":{"name":"(anonymous_12)","decl":{"start":{"line":50,"column":29},"end":{"line":50,"column":36}},"loc":{"start":{"line":50,"column":62},"end":{"line":60,"column":2}}},"6":{"name":"(anonymous_13)","decl":{"start":{"line":50,"column":62},"end":{"line":50,"column":null}},"loc":{"start":{"line":50,"column":62},"end":{"line":60,"column":1}}}},"branchMap":{"0":{"loc":{"start":{"line":19,"column":38},"end":{"line":19,"column":61}},"type":"default-arg","locations":[{"start":{"line":19,"column":59},"end":{"line":19,"column":61}}]},"1":{"loc":{"start":{"line":30,"column":2},"end":{"line":43,"column":3}},"type":"switch","locations":[{"start":{"line":31,"column":4},"end":{"line":32,"column":41}},{"start":{"line":33,"column":4},"end":{"line":34,"column":49}},{"start":{"line":35,"column":4},"end":{"line":36,"column":50}},{"start":{"line":37,"column":4},"end":{"line":38,"column":52}},{"start":{"line":39,"column":4},"end":{"line":40,"column":56}},{"start":{"line":41,"column":4},"end":{"line":42,"column":24}}]},"2":{"loc":{"start":{"line":35,"column":9},"end":{"line":35,"column":54}},"type":"binary-expr","locations":[{"start":{"line":35,"column":9},"end":{"line":35,"column":35}},{"start":{"line":35,"column":39},"end":{"line":35,"column":54}}]},"3":{"loc":{"start":{"line":53,"column":4},"end":{"line":55,"column":5}},"type":"if","locations":[{"start":{"line":53,"column":4},"end":{"line":55,"column":5}}]}},"s":{"0":0,"1":0,"2":0,"3":0,"4":0,"5":0,"6":0,"7":0,"8":0,"9":0,"10":0,"11":0,"12":0,"13":0,"14":0,"15":0,"16":0,"17":0,"18":0,"19":0,"20":0,"21":0,"22":0,"23":0,"24":0,"25":0,"26":0,"27":0,"28":0,"29":0,"30":0,"31":0,"32":0,"33":0,"34":0,"35":0,"36":0,"37":0,"38":0,"39":0,"40":0,"41":0},"f":{"0":0,"1":0,"2":0,"3":0,"4":0,"5":0,"6":0},"b":{"0":[0],"1":[0,0,0,0,0,0],"2":[0,0],"3":[0]}}
,"/home/mare/Desktop/techs/projects/js-mastery/Build and Deploy a Full Stack Social Media App | React JS, Appwrite, Tailwind CSS, React Query/snapgramremote/src/lib/react-query/queries.ts": {"path":"/home/mare/Desktop/techs/projects/js-mastery/Build and Deploy a Full Stack Social Media App | React JS, Appwrite, Tailwind CSS, React Query/snapgramremote/src/lib/react-query/queries.ts","statementMap":{"0":{"start":{"line":1,"column":0},"end":{"line":1,"column":96}},"1":{"start":{"line":2,"column":0},"end":{"line":2,"column":296}},"2":{"start":{"line":4,"column":0},"end":{"line":4,"column":41}},"3":{"start":{"line":6,"column":36},"end":{"line":10,"column":1}},"4":{"start":{"line":7,"column":2},"end":{"line":9,"column":5}},"5":{"start":{"line":8,"column":36},"end":{"line":8,"column":59}},"6":{"start":{"line":6,"column":13},"end":{"line":6,"column":36}},"7":{"start":{"line":12,"column":32},"end":{"line":17,"column":1}},"8":{"start":{"line":13,"column":2},"end":{"line":16,"column":5}},"9":{"start":{"line":15,"column":6},"end":{"line":15,"column":25}},"10":{"start":{"line":12,"column":13},"end":{"line":12,"column":32}},"11":{"start":{"line":20,"column":33},"end":{"line":24,"column":1}},"12":{"start":{"line":21,"column":2},"end":{"line":23,"column":5}},"13":{"start":{"line":20,"column":13},"end":{"line":20,"column":33}},"14":{"start":{"line":26,"column":33},"end":{"line":31,"column":1}},"15":{"start":{"line":27,"column":2},"end":{"line":30,"column":5}},"16":{"start":{"line":26,"column":13},"end":{"line":26,"column":33}},"17":{"start":{"line":37,"column":27},"end":{"line":55,"column":1}},"18":{"start":{"line":38,"column":2},"end":{"line":54,"column":5}},"19":{"start":{"line":44,"column":6},"end":{"line":46,"column":7}},"20":{"start":{"line":45,"column":8},"end":{"line":45,"column":20}},"21":{"start":{"line":51,"column":6},"end":{"line":51,"column":46}},"22":{"start":{"line":37,"column":13},"end":{"line":37,"column":27}},"23":{"start":{"line":57,"column":30},"end":{"line":63,"column":1}},"24":{"start":{"line":58,"column":2},"end":{"line":62,"column":5}},"25":{"start":{"line":60,"column":19},"end":{"line":60,"column":38}},"26":{"start":{"line":57,"column":13},"end":{"line":57,"column":30}},"27":{"start":{"line":65,"column":32},"end":{"line":77,"column":1}},"28":{"start":{"line":66,"column":22},"end":{"line":66,"column":38}},"29":{"start":{"line":67,"column":2},"end":{"line":76,"column":5}},"30":{"start":{"line":68,"column":78},"end":{"line":68,"column":108}},"31":{"start":{"line":70,"column":6},"end":{"line":72,"column":9}},"32":{"start":{"line":65,"column":13},"end":{"line":65,"column":32}},"33":{"start":{"line":79,"column":32},"end":{"line":89,"column":1}},"34":{"start":{"line":80,"column":22},"end":{"line":80,"column":38}},"35":{"start":{"line":81,"column":2},"end":{"line":88,"column":5}},"36":{"start":{"line":82,"column":39},"end":{"line":82,"column":63}},"37":{"start":{"line":84,"column":6},"end":{"line":86,"column":9}},"38":{"start":{"line":79,"column":13},"end":{"line":79,"column":32}},"39":{"start":{"line":92,"column":31},"end":{"line":98,"column":1}},"40":{"start":{"line":93,"column":2},"end":{"line":97,"column":5}},"41":{"start":{"line":95,"column":19},"end":{"line":95,"column":39}},"42":{"start":{"line":92,"column":13},"end":{"line":92,"column":31}},"43":{"start":{"line":100,"column":29},"end":{"line":110,"column":1}},"44":{"start":{"line":101,"column":22},"end":{"line":101,"column":38}},"45":{"start":{"line":102,"column":2},"end":{"line":109,"column":5}},"46":{"start":{"line":103,"column":36},"end":{"line":103,"column":52}},"47":{"start":{"line":105,"column":6},"end":{"line":107,"column":9}},"48":{"start":{"line":100,"column":13},"end":{"line":100,"column":29}},"49":{"start":{"line":112,"column":29},"end":{"line":122,"column":1}},"50":{"start":{"line":113,"column":22},"end":{"line":113,"column":38}},"51":{"start":{"line":114,"column":2},"end":{"line":121,"column":5}},"52":{"start":{"line":115,"column":39},"end":{"line":115,"column":55}},"53":{"start":{"line":117,"column":6},"end":{"line":119,"column":9}},"54":{"start":{"line":112,"column":13},"end":{"line":112,"column":29}},"55":{"start":{"line":124,"column":30},"end":{"line":130,"column":1}},"56":{"start":{"line":125,"column":2},"end":{"line":129,"column":5}},"57":{"start":{"line":127,"column":19},"end":{"line":127,"column":38}},"58":{"start":{"line":124,"column":13},"end":{"line":124,"column":30}},"59":{"start":{"line":132,"column":35},"end":{"line":138,"column":1}},"60":{"start":{"line":133,"column":2},"end":{"line":137,"column":5}},"61":{"start":{"line":135,"column":19},"end":{"line":135,"column":43}},"62":{"start":{"line":132,"column":13},"end":{"line":132,"column":35}},"63":{"start":{"line":140,"column":29},"end":{"line":153,"column":1}},"64":{"start":{"line":141,"column":22},"end":{"line":141,"column":38}},"65":{"start":{"line":142,"column":2},"end":{"line":152,"column":5}},"66":{"start":{"line":143,"column":31},"end":{"line":143,"column":47}},"67":{"start":{"line":145,"column":6},"end":{"line":147,"column":9}},"68":{"start":{"line":148,"column":6},"end":{"line":150,"column":9}},"69":{"start":{"line":140,"column":13},"end":{"line":140,"column":29}},"70":{"start":{"line":155,"column":27},"end":{"line":178,"column":1}},"71":{"start":{"line":156,"column":22},"end":{"line":156,"column":38}},"72":{"start":{"line":157,"column":2},"end":{"line":177,"column":5}},"73":{"start":{"line":162,"column":10},"end":{"line":162,"column":26}},"74":{"start":{"line":164,"column":6},"end":{"line":166,"column":9}},"75":{"start":{"line":167,"column":6},"end":{"line":169,"column":9}},"76":{"start":{"line":170,"column":6},"end":{"line":172,"column":9}},"77":{"start":{"line":173,"column":6},"end":{"line":175,"column":9}},"78":{"start":{"line":155,"column":13},"end":{"line":155,"column":27}},"79":{"start":{"line":182,"column":29},"end":{"line":205,"column":1}},"80":{"start":{"line":183,"column":22},"end":{"line":183,"column":38}},"81":{"start":{"line":184,"column":2},"end":{"line":204,"column":5}},"82":{"start":{"line":189,"column":10},"end":{"line":189,"column":28}},"83":{"start":{"line":191,"column":6},"end":{"line":193,"column":9}},"84":{"start":{"line":194,"column":6},"end":{"line":196,"column":9}},"85":{"start":{"line":197,"column":6},"end":{"line":199,"column":9}},"86":{"start":{"line":200,"column":6},"end":{"line":202,"column":9}},"87":{"start":{"line":182,"column":13},"end":{"line":182,"column":29}},"88":{"start":{"line":209,"column":33},"end":{"line":214,"column":1}},"89":{"start":{"line":210,"column":2},"end":{"line":213,"column":5}},"90":{"start":{"line":209,"column":13},"end":{"line":209,"column":33}},"91":{"start":{"line":217,"column":29},"end":{"line":233,"column":1}},"92":{"start":{"line":218,"column":22},"end":{"line":218,"column":38}},"93":{"start":{"line":219,"column":2},"end":{"line":232,"column":5}},"94":{"start":{"line":220,"column":36},"end":{"line":220,"column":54}},"95":{"start":{"line":222,"column":6},"end":{"line":224,"column":9}},"96":{"start":{"line":225,"column":6},"end":{"line":227,"column":9}},"97":{"start":{"line":228,"column":6},"end":{"line":230,"column":9}},"98":{"start":{"line":217,"column":13},"end":{"line":217,"column":29}},"99":{"start":{"line":235,"column":31},"end":{"line":251,"column":1}},"100":{"start":{"line":236,"column":22},"end":{"line":236,"column":38}},"101":{"start":{"line":237,"column":2},"end":{"line":250,"column":5}},"102":{"start":{"line":238,"column":36},"end":{"line":238,"column":56}},"103":{"start":{"line":240,"column":6},"end":{"line":242,"column":9}},"104":{"start":{"line":243,"column":6},"end":{"line":245,"column":9}},"105":{"start":{"line":246,"column":6},"end":{"line":248,"column":9}},"106":{"start":{"line":235,"column":13},"end":{"line":235,"column":31}}},"fnMap":{"0":{"name":"(anonymous_0)","decl":{"start":{"line":6,"column":36},"end":{"line":6,"column":39}},"loc":{"start":{"line":6,"column":41},"end":{"line":10,"column":1}}},"1":{"name":"(anonymous_1)","decl":{"start":{"line":8,"column":16},"end":{"line":8,"column":17}},"loc":{"start":{"line":8,"column":36},"end":{"line":8,"column":59}}},"2":{"name":"(anonymous_2)","decl":{"start":{"line":12,"column":32},"end":{"line":12,"column":35}},"loc":{"start":{"line":12,"column":37},"end":{"line":17,"column":1}}},"3":{"name":"(anonymous_3)","decl":{"start":{"line":14,"column":16},"end":{"line":14,"column":17}},"loc":{"start":{"line":15,"column":6},"end":{"line":15,"column":25}}},"4":{"name":"(anonymous_4)","decl":{"start":{"line":20,"column":33},"end":{"line":20,"column":36}},"loc":{"start":{"line":20,"column":38},"end":{"line":24,"column":1}}},"5":{"name":"(anonymous_5)","decl":{"start":{"line":26,"column":33},"end":{"line":26,"column":36}},"loc":{"start":{"line":26,"column":38},"end":{"line":31,"column":1}}},"6":{"name":"(anonymous_6)","decl":{"start":{"line":37,"column":27},"end":{"line":37,"column":30}},"loc":{"start":{"line":37,"column":32},"end":{"line":55,"column":1}}},"7":{"name":"(anonymous_7)","decl":{"start":{"line":41,"column":22},"end":{"line":41,"column":23}},"loc":{"start":{"line":41,"column":40},"end":{"line":52,"column":5}}},"8":{"name":"(anonymous_8)","decl":{"start":{"line":57,"column":30},"end":{"line":57,"column":31}},"loc":{"start":{"line":57,"column":50},"end":{"line":63,"column":1}}},"9":{"name":"(anonymous_9)","decl":{"start":{"line":60,"column":13},"end":{"line":60,"column":16}},"loc":{"start":{"line":60,"column":19},"end":{"line":60,"column":38}}},"10":{"name":"(anonymous_10)","decl":{"start":{"line":65,"column":32},"end":{"line":65,"column":35}},"loc":{"start":{"line":65,"column":37},"end":{"line":77,"column":1}}},"11":{"name":"(anonymous_11)","decl":{"start":{"line":68,"column":16},"end":{"line":68,"column":17}},"loc":{"start":{"line":68,"column":78},"end":{"line":68,"column":108}}},"12":{"name":"(anonymous_12)","decl":{"start":{"line":69,"column":15},"end":{"line":69,"column":16}},"loc":{"start":{"line":69,"column":32},"end":{"line":75,"column":5}}},"13":{"name":"(anonymous_13)","decl":{"start":{"line":79,"column":32},"end":{"line":79,"column":35}},"loc":{"start":{"line":79,"column":37},"end":{"line":89,"column":1}}},"14":{"name":"(anonymous_14)","decl":{"start":{"line":82,"column":16},"end":{"line":82,"column":17}},"loc":{"start":{"line":82,"column":39},"end":{"line":82,"column":63}}},"15":{"name":"(anonymous_15)","decl":{"start":{"line":83,"column":15},"end":{"line":83,"column":18}},"loc":{"start":{"line":83,"column":20},"end":{"line":87,"column":5}}},"16":{"name":"(anonymous_16)","decl":{"start":{"line":92,"column":31},"end":{"line":92,"column":32}},"loc":{"start":{"line":92,"column":51},"end":{"line":98,"column":1}}},"17":{"name":"(anonymous_17)","decl":{"start":{"line":95,"column":13},"end":{"line":95,"column":16}},"loc":{"start":{"line":95,"column":19},"end":{"line":95,"column":39}}},"18":{"name":"(anonymous_18)","decl":{"start":{"line":100,"column":29},"end":{"line":100,"column":32}},"loc":{"start":{"line":100,"column":34},"end":{"line":110,"column":1}}},"19":{"name":"(anonymous_19)","decl":{"start":{"line":103,"column":16},"end":{"line":103,"column":17}},"loc":{"start":{"line":103,"column":36},"end":{"line":103,"column":52}}},"20":{"name":"(anonymous_20)","decl":{"start":{"line":104,"column":15},"end":{"line":104,"column":18}},"loc":{"start":{"line":104,"column":20},"end":{"line":108,"column":5}}},"21":{"name":"(anonymous_21)","decl":{"start":{"line":112,"column":29},"end":{"line":112,"column":32}},"loc":{"start":{"line":112,"column":34},"end":{"line":122,"column":1}}},"22":{"name":"(anonymous_22)","decl":{"start":{"line":115,"column":16},"end":{"line":115,"column":17}},"loc":{"start":{"line":115,"column":39},"end":{"line":115,"column":55}}},"23":{"name":"(anonymous_23)","decl":{"start":{"line":116,"column":15},"end":{"line":116,"column":16}},"loc":{"start":{"line":116,"column":28},"end":{"line":120,"column":5}}},"24":{"name":"(anonymous_24)","decl":{"start":{"line":124,"column":30},"end":{"line":124,"column":31}},"loc":{"start":{"line":124,"column":49},"end":{"line":130,"column":1}}},"25":{"name":"(anonymous_25)","decl":{"start":{"line":127,"column":13},"end":{"line":127,"column":16}},"loc":{"start":{"line":127,"column":19},"end":{"line":127,"column":38}}},"26":{"name":"(anonymous_26)","decl":{"start":{"line":132,"column":35},"end":{"line":132,"column":36}},"loc":{"start":{"line":132,"column":54},"end":{"line":138,"column":1}}},"27":{"name":"(anonymous_27)","decl":{"start":{"line":135,"column":13},"end":{"line":135,"column":16}},"loc":{"start":{"line":135,"column":19},"end":{"line":135,"column":43}}},"28":{"name":"(anonymous_28)","decl":{"start":{"line":140,"column":29},"end":{"line":140,"column":32}},"loc":{"start":{"line":140,"column":34},"end":{"line":153,"column":1}}},"29":{"name":"(anonymous_29)","decl":{"start":{"line":143,"column":16},"end":{"line":143,"column":17}},"loc":{"start":{"line":143,"column":31},"end":{"line":143,"column":47}}},"30":{"name":"(anonymous_30)","decl":{"start":{"line":144,"column":15},"end":{"line":144,"column":16}},"loc":{"start":{"line":144,"column":28},"end":{"line":151,"column":5}}},"31":{"name":"(anonymous_31)","decl":{"start":{"line":155,"column":27},"end":{"line":155,"column":30}},"loc":{"start":{"line":155,"column":32},"end":{"line":178,"column":1}}},"32":{"name":"(anonymous_32)","decl":{"start":{"line":158,"column":16},"end":{"line":158,"column":17}},"loc":{"start":{"line":162,"column":10},"end":{"line":162,"column":26}}},"33":{"name":"(anonymous_33)","decl":{"start":{"line":163,"column":15},"end":{"line":163,"column":16}},"loc":{"start":{"line":163,"column":28},"end":{"line":176,"column":5}}},"34":{"name":"(anonymous_34)","decl":{"start":{"line":182,"column":29},"end":{"line":182,"column":32}},"loc":{"start":{"line":182,"column":34},"end":{"line":205,"column":1}}},"35":{"name":"(anonymous_35)","decl":{"start":{"line":185,"column":16},"end":{"line":185,"column":17}},"loc":{"start":{"line":189,"column":10},"end":{"line":189,"column":28}}},"36":{"name":"(anonymous_36)","decl":{"start":{"line":190,"column":15},"end":{"line":190,"column":16}},"loc":{"start":{"line":190,"column":28},"end":{"line":203,"column":5}}},"37":{"name":"(anonymous_37)","decl":{"start":{"line":209,"column":33},"end":{"line":209,"column":36}},"loc":{"start":{"line":209,"column":38},"end":{"line":214,"column":1}}},"38":{"name":"(anonymous_38)","decl":{"start":{"line":217,"column":29},"end":{"line":217,"column":32}},"loc":{"start":{"line":217,"column":34},"end":{"line":233,"column":1}}},"39":{"name":"(anonymous_39)","decl":{"start":{"line":220,"column":16},"end":{"line":220,"column":17}},"loc":{"start":{"line":220,"column":36},"end":{"line":220,"column":54}}},"40":{"name":"(anonymous_40)","decl":{"start":{"line":221,"column":15},"end":{"line":221,"column":18}},"loc":{"start":{"line":221,"column":20},"end":{"line":231,"column":5}}},"41":{"name":"(anonymous_41)","decl":{"start":{"line":235,"column":31},"end":{"line":235,"column":34}},"loc":{"start":{"line":235,"column":36},"end":{"line":251,"column":1}}},"42":{"name":"(anonymous_42)","decl":{"start":{"line":238,"column":16},"end":{"line":238,"column":17}},"loc":{"start":{"line":238,"column":36},"end":{"line":238,"column":56}}},"43":{"name":"(anonymous_43)","decl":{"start":{"line":239,"column":15},"end":{"line":239,"column":18}},"loc":{"start":{"line":239,"column":20},"end":{"line":249,"column":5}}}},"branchMap":{"0":{"loc":{"start":{"line":44,"column":6},"end":{"line":46,"column":7}},"type":"if","locations":[{"start":{"line":44,"column":6},"end":{"line":46,"column":7}}]},"1":{"loc":{"start":{"line":118,"column":46},"end":{"line":118,"column":54}},"type":"cond-expr","locations":[{"start":{"line":118,"column":50},"end":{"line":118,"column":52}},{"start":{"line":118,"column":46},"end":{"line":118,"column":54}}]},"2":{"loc":{"start":{"line":118,"column":46},"end":{"line":118,"column":52}},"type":"binary-expr","locations":[{"start":{"line":118,"column":46},"end":{"line":118,"column":52}},{"start":{"line":118,"column":46},"end":{"line":118,"column":52}}]},"3":{"loc":{"start":{"line":149,"column":46},"end":{"line":149,"column":54}},"type":"cond-expr","locations":[{"start":{"line":149,"column":50},"end":{"line":149,"column":52}},{"start":{"line":149,"column":46},"end":{"line":149,"column":54}}]},"4":{"loc":{"start":{"line":149,"column":46},"end":{"line":149,"column":52}},"type":"binary-expr","locations":[{"start":{"line":149,"column":46},"end":{"line":149,"column":52}},{"start":{"line":149,"column":46},"end":{"line":149,"column":52}}]},"5":{"loc":{"start":{"line":165,"column":46},"end":{"line":165,"column":54}},"type":"cond-expr","locations":[{"start":{"line":165,"column":50},"end":{"line":165,"column":52}},{"start":{"line":165,"column":46},"end":{"line":165,"column":54}}]},"6":{"loc":{"start":{"line":165,"column":46},"end":{"line":165,"column":52}},"type":"binary-expr","locations":[{"start":{"line":165,"column":46},"end":{"line":165,"column":52}},{"start":{"line":165,"column":46},"end":{"line":165,"column":52}}]},"7":{"loc":{"start":{"line":192,"column":46},"end":{"line":192,"column":54}},"type":"cond-expr","locations":[{"start":{"line":192,"column":50},"end":{"line":192,"column":52}},{"start":{"line":192,"column":46},"end":{"line":192,"column":54}}]},"8":{"loc":{"start":{"line":192,"column":46},"end":{"line":192,"column":52}},"type":"binary-expr","locations":[{"start":{"line":192,"column":46},"end":{"line":192,"column":52}},{"start":{"line":192,"column":46},"end":{"line":192,"column":52}}]}},"s":{"0":0,"1":0,"2":0,"3":0,"4":0,"5":0,"6":0,"7":0,"8":0,"9":0,"10":0,"11":0,"12":0,"13":0,"14":0,"15":0,"16":0,"17":0,"18":0,"19":0,"20":0,"21":0,"22":0,"23":0,"24":0,"25":0,"26":0,"27":0,"28":0,"29":0,"30":0,"31":0,"32":0,"33":0,"34":0,"35":0,"36":0,"37":0,"38":0,"39":0,"40":0,"41":0,"42":0,"43":0,"44":0,"45":0,"46":0,"47":0,"48":0,"49":0,"50":0,"51":0,"52":0,"53":0,"54":0,"55":0,"56":0,"57":0,"58":0,"59":0,"60":0,"61":0,"62":0,"63":0,"64":0,"65":0,"66":0,"67":0,"68":0,"69":0,"70":0,"71":0,"72":0,"73":0,"74":0,"75":0,"76":0,"77":0,"78":0,"79":0,"80":0,"81":0,"82":0,"83":0,"84":0,"85":0,"86":0,"87":0,"88":0,"89":0,"90":0,"91":0,"92":0,"93":0,"94":0,"95":0,"96":0,"97":0,"98":0,"99":0,"100":0,"101":0,"102":0,"103":0,"104":0,"105":0,"106":0},"f":{"0":0,"1":0,"2":0,"3":0,"4":0,"5":0,"6":0,"7":0,"8":0,"9":0,"10":0,"11":0,"12":0,"13":0,"14":0,"15":0,"16":0,"17":0,"18":0,"19":0,"20":0,"21":0,"22":0,"23":0,"24":0,"25":0,"26":0,"27":0,"28":0,"29":0,"30":0,"31":0,"32":0,"33":0,"34":0,"35":0,"36":0,"37":0,"38":0,"39":0,"40":0,"41":0,"42":0,"43":0},"b":{"0":[0],"1":[0,0],"2":[0,0],"3":[0,0],"4":[0,0],"5":[0,0],"6":[0,0],"7":[0,0],"8":[0,0]}}
,"/home/mare/Desktop/techs/projects/js-mastery/Build and Deploy a Full Stack Social Media App | React JS, Appwrite, Tailwind CSS, React Query/snapgramremote/src/lib/react-query/queryKeys.ts": {"path":"/home/mare/Desktop/techs/projects/js-mastery/Build and Deploy a Full Stack Social Media App | React JS, Appwrite, Tailwind CSS, React Query/snapgramremote/src/lib/react-query/queryKeys.ts","statementMap":{"0":{"start":{"line":1,"column":0},"end":{"line":1,"column":null}},"1":{"start":{"line":3,"column":2},"end":{"line":3,"column":null}},"2":{"start":{"line":6,"column":2},"end":{"line":6,"column":null}},"3":{"start":{"line":7,"column":2},"end":{"line":7,"column":null}},"4":{"start":{"line":8,"column":2},"end":{"line":8,"column":null}},"5":{"start":{"line":11,"column":2},"end":{"line":11,"column":null}},"6":{"start":{"line":12,"column":2},"end":{"line":12,"column":null}},"7":{"start":{"line":13,"column":2},"end":{"line":13,"column":null}},"8":{"start":{"line":14,"column":2},"end":{"line":14,"column":null}},"9":{"start":{"line":15,"column":2},"end":{"line":15,"column":null}},"10":{"start":{"line":16,"column":2},"end":{"line":16,"column":null}},"11":{"start":{"line":17,"column":2},"end":{"line":17,"column":null}},"12":{"start":{"line":18,"column":2},"end":{"line":18,"column":null}},"13":{"start":{"line":21,"column":2},"end":{"line":21,"column":null}}},"fnMap":{"0":{"name":"(anonymous_0)","decl":{"start":{"line":1,"column":0},"end":{"line":1,"column":12}},"loc":{"start":{"line":1,"column":22},"end":{"line":22,"column":1}}}},"branchMap":{"0":{"loc":{"start":{"line":1,"column":12},"end":{"line":1,"column":null}},"type":"binary-expr","locations":[{"start":{"line":1,"column":12},"end":{"line":1,"column":22}},{"start":{"line":1,"column":22},"end":{"line":1,"column":null}}]}},"s":{"0":0,"1":0,"2":0,"3":0,"4":0,"5":0,"6":0,"7":0,"8":0,"9":0,"10":0,"11":0,"12":0,"13":0},"f":{"0":0},"b":{"0":[0,0]}}
,"/home/mare/Desktop/techs/projects/js-mastery/Build and Deploy a Full Stack Social Media App | React JS, Appwrite, Tailwind CSS, React Query/snapgramremote/src/lib/validation/index.ts": {"path":"/home/mare/Desktop/techs/projects/js-mastery/Build and Deploy a Full Stack Social Media App | React JS, Appwrite, Tailwind CSS, React Query/snapgramremote/src/lib/validation/index.ts","statementMap":{"0":{"start":{"line":1,"column":0},"end":{"line":1,"column":23}},"1":{"start":{"line":3,"column":13},"end":{"line":15,"column":5}},"2":{"start":{"line":11,"column":24},"end":{"line":11,"column":93}},"3":{"start":{"line":12,"column":6},"end":{"line":12,"column":30}},"4":{"start":{"line":17,"column":15},"end":{"line":20,"column":5}},"5":{"start":{"line":26,"column":13},"end":{"line":30,"column":3}},"6":{"start":{"line":33,"column":13},"end":{"line":40,"column":3}}},"fnMap":{"0":{"name":"(anonymous_0)","decl":{"start":{"line":9,"column":12},"end":{"line":9,"column":13}},"loc":{"start":{"line":9,"column":20},"end":{"line":13,"column":5}}}},"branchMap":{"0":{"loc":{"start":{"line":11,"column":24},"end":{"line":11,"column":93}},"type":"cond-expr","locations":[{"start":{"line":11,"column":28},"end":{"line":11,"column":76}},{"start":{"line":11,"column":24},"end":{"line":11,"column":93}}]},"1":{"loc":{"start":{"line":11,"column":24},"end":{"line":11,"column":76}},"type":"binary-expr","locations":[{"start":{"line":11,"column":24},"end":{"line":11,"column":78}},{"start":{"line":11,"column":24},"end":{"line":11,"column":76}}]}},"s":{"0":0,"1":0,"2":0,"3":0,"4":0,"5":0,"6":0},"f":{"0":0},"b":{"0":[0,0],"1":[0,0]}}
,"/home/mare/Desktop/techs/projects/js-mastery/Build and Deploy a Full Stack Social Media App | React JS, Appwrite, Tailwind CSS, React Query/snapgramremote/src/redux/store.ts": {"path":"/home/mare/Desktop/techs/projects/js-mastery/Build and Deploy a Full Stack Social Media App | React JS, Appwrite, Tailwind CSS, React Query/snapgramremote/src/redux/store.ts","statementMap":{"0":{"start":{"line":1,"column":0},"end":{"line":1,"column":50}},"1":{"start":{"line":2,"column":0},"end":{"line":2,"column":40}},"2":{"start":{"line":3,"column":0},"end":{"line":3,"column":47}},"3":{"start":{"line":5,"column":13},"end":{"line":12,"column":3}},"4":{"start":{"line":11,"column":4},"end":{"line":11,"column":53}}},"fnMap":{"0":{"name":"(anonymous_0)","decl":{"start":{"line":10,"column":14},"end":{"line":10,"column":15}},"loc":{"start":{"line":11,"column":4},"end":{"line":11,"column":53}}}},"branchMap":{},"s":{"0":0,"1":0,"2":0,"3":0,"4":0},"f":{"0":0},"b":{}}
,"/home/mare/Desktop/techs/projects/js-mastery/Build and Deploy a Full Stack Social Media App | React JS, Appwrite, Tailwind CSS, React Query/snapgramremote/src/redux/features/postSlice.ts": {"path":"/home/mare/Desktop/techs/projects/js-mastery/Build and Deploy a Full Stack Social Media App | React JS, Appwrite, Tailwind CSS, React Query/snapgramremote/src/redux/features/postSlice.ts","statementMap":{"0":{"start":{"line":1,"column":0},"end":{"line":1,"column":62}},"1":{"start":{"line":8,"column":32},"end":{"line":10,"column":2}},"2":{"start":{"line":12,"column":18},"end":{"line":20,"column":2}},"3":{"start":{"line":17,"column":6},"end":{"line":17,"column":35}},"4":{"start":{"line":22,"column":15},"end":{"line":22,"column":46}},"5":{"start":{"line":23,"column":0},"end":{"line":23,"column":33}}},"fnMap":{"0":{"name":"(anonymous_0)","decl":{"start":{"line":16,"column":14},"end":{"line":16,"column":15}},"loc":{"start":{"line":16,"column":62},"end":{"line":18,"column":5}}}},"branchMap":{},"s":{"0":0,"1":0,"2":0,"3":0,"4":0,"5":0},"f":{"0":0},"b":{}}
}
